This is XeTeX, Version 3.14159265-2.6-0.999991 (MiKTeX 2.9.7050 64-bit) (preloaded format=xelatex 2019.6.21)  15 MAR 2022 16:24
entering extended mode
**./radar_diploma_thesis.tex
(radar_diploma_thesis.tex
LaTeX2e <2018-12-01>

("C:\Users\thanasis.douklias\AppData\Local\Programs\MiKTeX 2.9\tex/latex/base\a
rticle.cls"
Document Class: article 2018/09/03 v1.4i Standard LaTeX document class

("C:\Users\thanasis.douklias\AppData\Local\Programs\MiKTeX 2.9\tex/latex/base\s
ize12.clo"
File: size12.clo 2018/09/03 v1.4i Standard LaTeX file (size option)
)
\c@part=\count80
\c@section=\count81
\c@subsection=\count82
\c@subsubsection=\count83
\c@paragraph=\count84
\c@subparagraph=\count85
\c@figure=\count86
\c@table=\count87
\abovecaptionskip=\skip41
\belowcaptionskip=\skip42
\bibindent=\dimen102
)
("C:\Users\thanasis.douklias\AppData\Local\Programs\MiKTeX 2.9\tex/latex/graphi
cs\graphicx.sty"
Package: graphicx 2017/06/01 v1.1a Enhanced LaTeX Graphics (DPC,SPQR)

("C:\Users\thanasis.douklias\AppData\Local\Programs\MiKTeX 2.9\tex/latex/graphi
cs\keyval.sty"
Package: keyval 2014/10/28 v1.15 key=value parser (DPC)
\KV@toks@=\toks14
)
("C:\Users\thanasis.douklias\AppData\Local\Programs\MiKTeX 2.9\tex/latex/graphi
cs\graphics.sty"
Package: graphics 2017/06/25 v1.2c Standard LaTeX Graphics (DPC,SPQR)

("C:\Users\thanasis.douklias\AppData\Local\Programs\MiKTeX 2.9\tex/latex/graphi
cs\trig.sty"
Package: trig 2016/01/03 v1.10 sin cos tan (DPC)
)
("C:\Users\thanasis.douklias\AppData\Local\Programs\MiKTeX 2.9\tex/latex/graphi
cs-cfg\graphics.cfg"
File: graphics.cfg 2016/06/04 v1.11 sample graphics configuration
)
Package graphics Info: Driver file: xetex.def on input line 99.

("C:\Users\thanasis.douklias\AppData\Local\Programs\MiKTeX 2.9\tex/latex/graphi
cs-def\xetex.def"
File: xetex.def 2017/06/24 v5.0h Graphics/color driver for xetex
))
\Gin@req@height=\dimen103
\Gin@req@width=\dimen104
)
("C:\Users\thanasis.douklias\AppData\Local\Programs\MiKTeX 2.9\tex/latex/tools\
array.sty"
Package: array 2018/12/30 v2.4k Tabular extension package (FMi)
\col@sep=\dimen105
\ar@mcellbox=\box27
\extrarowheight=\dimen106
\NC@list=\toks15
\extratabsurround=\skip43
\backup@length=\skip44
\ar@cellbox=\box28
)
("C:\Users\thanasis.douklias\AppData\Local\Programs\MiKTeX 2.9\tex/latex/makece
ll\makecell.sty"
Package: makecell 2009/08/03 V0.1e Managing of Tab Column Heads and Cells
\rotheadsize=\dimen107
\c@nlinenum=\count88
\TeXr@lab=\toks16
)
("C:\Users\thanasis.douklias\AppData\Local\Programs\MiKTeX 2.9\tex/latex/hyperr
ef\hyperref.sty"
Package: hyperref 2018/11/30 v6.88e Hypertext links for LaTeX

("C:\Users\thanasis.douklias\AppData\Local\Programs\MiKTeX 2.9\tex/generic/ober
diek\hobsub-hyperref.sty"
Package: hobsub-hyperref 2016/05/16 v1.14 Bundle oberdiek, subset hyperref (HO)


("C:\Users\thanasis.douklias\AppData\Local\Programs\MiKTeX 2.9\tex/generic/ober
diek\hobsub-generic.sty"
Package: hobsub-generic 2016/05/16 v1.14 Bundle oberdiek, subset generic (HO)
Package: hobsub 2016/05/16 v1.14 Construct package bundles (HO)
Package: infwarerr 2016/05/16 v1.4 Providing info/warning/error messages (HO)
Package: ltxcmds 2016/05/16 v1.23 LaTeX kernel commands for general use (HO)
Package: ifluatex 2016/05/16 v1.4 Provides the ifluatex switch (HO)
Package ifluatex Info: LuaTeX not detected.
Package: ifvtex 2016/05/16 v1.6 Detect VTeX and its facilities (HO)
Package ifvtex Info: VTeX not detected.
Package: intcalc 2016/05/16 v1.2 Expandable calculations with integers (HO)
Package: ifpdf 2018/09/07 v3.3 Provides the ifpdf switch
Package: etexcmds 2016/05/16 v1.6 Avoid name clashes with e-TeX commands (HO)
Package: kvsetkeys 2016/05/16 v1.17 Key value parser (HO)
Package: kvdefinekeys 2016/05/16 v1.4 Define keys (HO)
Package: pdftexcmds 2018/09/10 v0.29 Utility functions of pdfTeX for LuaTeX (HO
)
Package pdftexcmds Info: LuaTeX not detected.
Package pdftexcmds Info: pdfTeX >= 1.30 not detected.
Package pdftexcmds Info: \pdf@primitive is available.
Package pdftexcmds Info: \pdf@ifprimitive is available.
Package pdftexcmds Info: \pdfdraftmode not found.
Package: pdfescape 2016/05/16 v1.14 Implements pdfTeX's escape features (HO)
Package: bigintcalc 2016/05/16 v1.4 Expandable calculations on big integers (HO
)
Package: bitset 2016/05/16 v1.2 Handle bit-vector datatype (HO)
Package: uniquecounter 2016/05/16 v1.3 Provide unlimited unique counter (HO)
)
Package hobsub Info: Skipping package `hobsub' (already loaded).
Package: letltxmacro 2016/05/16 v1.5 Let assignment for LaTeX macros (HO)
Package: hopatch 2016/05/16 v1.3 Wrapper for package hooks (HO)
Package: xcolor-patch 2016/05/16 xcolor patch
Package: atveryend 2016/05/16 v1.9 Hooks at the very end of document (HO)
Package atveryend Info: \enddocument detected (standard20110627).
Package: atbegshi 2016/06/09 v1.18 At begin shipout hook (HO)
Package: refcount 2016/05/16 v3.5 Data extraction from label references (HO)
Package: hycolor 2016/05/16 v1.8 Color options for hyperref/bookmark (HO)
)
("C:\Users\thanasis.douklias\AppData\Local\Programs\MiKTeX 2.9\tex/generic/ifxe
tex\ifxetex.sty"
Package: ifxetex 2010/09/12 v0.6 Provides ifxetex conditional
)
("C:\Users\thanasis.douklias\AppData\Local\Programs\MiKTeX 2.9\tex/latex/oberdi
ek\auxhook.sty"
Package: auxhook 2016/05/16 v1.4 Hooks for auxiliary files (HO)
)
("C:\Users\thanasis.douklias\AppData\Local\Programs\MiKTeX 2.9\tex/latex/oberdi
ek\kvoptions.sty"
Package: kvoptions 2016/05/16 v3.12 Key value format for package options (HO)
)
\@linkdim=\dimen108
\Hy@linkcounter=\count89
\Hy@pagecounter=\count90

("C:\Users\thanasis.douklias\AppData\Local\Programs\MiKTeX 2.9\tex/latex/hyperr
ef\pd1enc.def"
File: pd1enc.def 2018/11/30 v6.88e Hyperref: PDFDocEncoding definition (HO)
)
\Hy@SavedSpaceFactor=\count91

("C:\Users\thanasis.douklias\AppData\Local\Programs\MiKTeX 2.9\tex/latex/00mikt
ex\hyperref.cfg"
File: hyperref.cfg 2002/06/06 v1.2 hyperref configuration of TeXLive
)
Package hyperref Info: Hyper figures OFF on input line 4519.
Package hyperref Info: Link nesting OFF on input line 4524.
Package hyperref Info: Hyper index ON on input line 4527.
Package hyperref Info: Plain pages OFF on input line 4534.
Package hyperref Info: Backreferencing OFF on input line 4539.
Package hyperref Info: Implicit mode ON; LaTeX internals redefined.
Package hyperref Info: Bookmarks ON on input line 4772.
\c@Hy@tempcnt=\count92

("C:\Users\thanasis.douklias\AppData\Local\Programs\MiKTeX 2.9\tex/latex/url\ur
l.sty"
\Urlmuskip=\muskip10
Package: url 2013/09/16  ver 3.4  Verb mode for urls, etc.
)
LaTeX Info: Redefining \url on input line 5125.
\XeTeXLinkMargin=\dimen109
\Fld@menulength=\count93
\Field@Width=\dimen110
\Fld@charsize=\dimen111
Package hyperref Info: Hyper figures OFF on input line 6380.
Package hyperref Info: Link nesting OFF on input line 6385.
Package hyperref Info: Hyper index ON on input line 6388.
Package hyperref Info: backreferencing OFF on input line 6395.
Package hyperref Info: Link coloring OFF on input line 6400.
Package hyperref Info: Link coloring with OCG OFF on input line 6405.
Package hyperref Info: PDF/A mode OFF on input line 6410.
LaTeX Info: Redefining \ref on input line 6450.
LaTeX Info: Redefining \pageref on input line 6454.
\Hy@abspage=\count94
\c@Item=\count95
\c@Hfootnote=\count96
)
Package hyperref Info: Driver (autodetected): hxetex.

("C:\Users\thanasis.douklias\AppData\Local\Programs\MiKTeX 2.9\tex/latex/hyperr
ef\hxetex.def"
File: hxetex.def 2018/11/30 v6.88e Hyperref driver for XeTeX

("C:\Users\thanasis.douklias\AppData\Local\Programs\MiKTeX 2.9\tex/latex/hyperr
ef\puenc.def"
File: puenc.def 2018/11/30 v6.88e Hyperref: PDF Unicode definition (HO)
)
("C:\Users\thanasis.douklias\AppData\Local\Programs\MiKTeX 2.9\tex/generic/ober
diek\stringenc.sty"
Package: stringenc 2016/05/16 v1.11 Convert strings between diff. encodings (HO
)
)
\pdfm@box=\box29
\c@Hy@AnnotLevel=\count97
\HyField@AnnotCount=\count98
\Fld@listcount=\count99
\c@bookmark@seq@number=\count100

("C:\Users\thanasis.douklias\AppData\Local\Programs\MiKTeX 2.9\tex/latex/oberdi
ek\rerunfilecheck.sty"
Package: rerunfilecheck 2016/05/16 v1.8 Rerun checks for auxiliary files (HO)
Package uniquecounter Info: New unique counter `rerunfilecheck' on input line 2
82.
)
\Hy@SectionHShift=\skip45
)
("C:\Users\thanasis.douklias\AppData\Local\Programs\MiKTeX 2.9\tex/latex/fancyh
dr\fancyhdr.sty"
Package: fancyhdr 2019/01/31 v3.10 Extensive control of page headers and footer
s
\f@nch@headwidth=\skip46
\f@nch@O@elh=\skip47
\f@nch@O@erh=\skip48
\f@nch@O@olh=\skip49
\f@nch@O@orh=\skip50
\f@nch@O@elf=\skip51
\f@nch@O@erf=\skip52
\f@nch@O@olf=\skip53
\f@nch@O@orf=\skip54
)
("C:\Users\thanasis.douklias\AppData\Local\Programs\MiKTeX 2.9\tex/latex/captio
n\subcaption.sty"
Package: subcaption 2018/05/01 v1.1-162 Sub-captions (AR)

("C:\Users\thanasis.douklias\AppData\Local\Programs\MiKTeX 2.9\tex/latex/captio
n\caption.sty"
Package: caption 2018/10/06 v3.3-154 Customizing captions (AR)

("C:\Users\thanasis.douklias\AppData\Local\Programs\MiKTeX 2.9\tex/latex/captio
n\caption3.sty"
Package: caption3 2018/09/12 v1.8c caption3 kernel (AR)
Package caption3 Info: TeX engine: e-TeX on input line 64.
\captionmargin=\dimen112
\captionmargin@=\dimen113
\captionwidth=\dimen114
\caption@tempdima=\dimen115
\caption@indent=\dimen116
\caption@parindent=\dimen117
\caption@hangindent=\dimen118
)
\c@caption@flags=\count101
\c@ContinuedFloat=\count102
Package caption Info: hyperref package is loaded.
)
\c@subfigure=\count103
\c@subtable=\count104
)
("C:\Users\thanasis.douklias\AppData\Local\Programs\MiKTeX 2.9\tex/latex/float\
float.sty"
Package: float 2001/11/08 v1.3d Float enhancements (AL)
\c@float@type=\count105
\float@exts=\toks17
\float@box=\box30
\@float@everytoks=\toks18
\@floatcapt=\box31
)
("C:\Users\thanasis.douklias\AppData\Local\Programs\MiKTeX 2.9\tex/latex/geomet
ry\geometry.sty"
Package: geometry 2018/04/16 v5.8 Page Geometry
\Gm@cnth=\count106
\Gm@cntv=\count107
\c@Gm@tempcnt=\count108
\Gm@bindingoffset=\dimen119
\Gm@wd@mp=\dimen120
\Gm@odd@mp=\dimen121
\Gm@even@mp=\dimen122
\Gm@layoutwidth=\dimen123
\Gm@layoutheight=\dimen124
\Gm@layouthoffset=\dimen125
\Gm@layoutvoffset=\dimen126
\Gm@dimlist=\toks19

("C:\Users\thanasis.douklias\AppData\Local\Programs\MiKTeX 2.9\tex/xelatex/xete
xconfig\geometry.cfg"))

Package geometry Warning: Over-specification in `h'-direction.
    `width' (483.69684pt) is ignored.

(radar_diploma_thesis.aux)
\openout1 = `radar_diploma_thesis.aux'.

LaTeX Font Info:    Checking defaults for OML/cmm/m/it on input line 30.
LaTeX Font Info:    ... okay on input line 30.
LaTeX Font Info:    Checking defaults for T1/cmr/m/n on input line 30.
LaTeX Font Info:    ... okay on input line 30.
LaTeX Font Info:    Checking defaults for OT1/cmr/m/n on input line 30.
LaTeX Font Info:    ... okay on input line 30.
LaTeX Font Info:    Checking defaults for OMS/cmsy/m/n on input line 30.
LaTeX Font Info:    ... okay on input line 30.
LaTeX Font Info:    Checking defaults for TU/lmr/m/n on input line 30.
LaTeX Font Info:    ... okay on input line 30.
LaTeX Font Info:    Checking defaults for OMX/cmex/m/n on input line 30.
LaTeX Font Info:    ... okay on input line 30.
LaTeX Font Info:    Checking defaults for U/cmr/m/n on input line 30.
LaTeX Font Info:    ... okay on input line 30.
LaTeX Font Info:    Checking defaults for PD1/pdf/m/n on input line 30.
LaTeX Font Info:    ... okay on input line 30.
LaTeX Font Info:    Checking defaults for PU/pdf/m/n on input line 30.
LaTeX Font Info:    ... okay on input line 30.
\AtBeginShipoutBox=\box32
Package hyperref Info: Link coloring OFF on input line 30.

("C:\Users\thanasis.douklias\AppData\Local\Programs\MiKTeX 2.9\tex/latex/hyperr
ef\nameref.sty"
Package: nameref 2016/05/21 v2.44 Cross-referencing by name of section

("C:\Users\thanasis.douklias\AppData\Local\Programs\MiKTeX 2.9\tex/generic/ober
diek\gettitlestring.sty"
Package: gettitlestring 2016/05/16 v1.5 Cleanup title references (HO)
)
\c@section@level=\count109
)
LaTeX Info: Redefining \ref on input line 30.
LaTeX Info: Redefining \pageref on input line 30.
LaTeX Info: Redefining \nameref on input line 30.
 (radar_diploma_thesis.out) (radar_diploma_thesis.out)
\@outlinefile=\write3
\openout3 = `radar_diploma_thesis.out'.

Package caption Info: Begin \AtBeginDocument code.
Package caption Info: float package is loaded.
Package caption Info: End \AtBeginDocument code.

*geometry* detected driver: pdftex
*geometry* verbose mode - [ preamble ] result:
* driver: pdftex
* paper: a4paper
* layout: <same size as paper>
* layoutoffset:(h,v)=(0.0pt,0.0pt)
* modes: 
* h-part:(L,W,R)=(56.9055pt, 483.69687pt, 56.9055pt)
* v-part:(T,H,B)=(56.9055pt, 731.23582pt, 56.90552pt)
* \paperwidth=597.50787pt
* \paperheight=845.04684pt
* \textwidth=483.69687pt
* \textheight=731.23582pt
* \oddsidemargin=-15.36449pt
* \evensidemargin=-15.36449pt
* \topmargin=-52.36449pt
* \headheight=12.0pt
* \headsep=25.0pt
* \topskip=12.0pt
* \footskip=30.0pt
* \marginparwidth=44.0pt
* \marginparsep=10.0pt
* \columnsep=10.0pt
* \skip\footins=10.8pt plus 4.0pt minus 2.0pt
* \hoffset=0.0pt
* \voffset=0.0pt
* \mag=1000
* \@twocolumnfalse
* \@twosidefalse
* \@mparswitchfalse
* \@reversemarginfalse
* (1in=72.27pt=25.4mm, 1cm=28.453pt)

LaTeX Font Info:    External font `cmex10' loaded for size
(Font)              <12> on input line 78.
LaTeX Font Info:    External font `cmex10' loaded for size
(Font)              <8> on input line 78.
LaTeX Font Info:    External font `cmex10' loaded for size
(Font)              <6> on input line 78.

("C:\Users\thanasis.douklias\AppData\Local\Programs\MiKTeX 2.9\tex/generic/ober
diek\se-ascii-print.def"
File: se-ascii-print.def 2016/05/16 v1.11 stringenc: Printable ASCII characters

) [1

]
File: pics/radar_fem.png Graphic file (type bmp)
<pics/radar_fem.png>
File: pics/stm32.png Graphic file (type bmp)
<pics/stm32.png>
 [2]
File: pics/sample_application_output.jpg Graphic file (type bmp)
<pics/sample_application_output.jpg>
 [3] [4

]
Package atveryend Info: Empty hook `BeforeClearDocument' on input line 236.
 [5]
Package atveryend Info: Empty hook `AfterLastShipout' on input line 236.
 (radar_diploma_thesis.aux)
Package atveryend Info: Empty hook `AtVeryEndDocument' on input line 236.
Package atveryend Info: Executing hook `AtEndAfterFileList' on input line 236.
Package rerunfilecheck Info: File `radar_diploma_thesis.out' has not changed.
(rerunfilecheck)             Checksum: FF5F9C6A0E83CF334F46A7A2F392A55F.
Package atveryend Info: Empty hook `AtVeryVeryEnd' on input line 236.
 ) 
Here is how much of TeX's memory you used:
 9978 strings out of 427669
 142834 string characters out of 3142516
 234652 words of memory out of 3000000
 13996 multiletter control sequences out of 15000+200000
 6792 words of font info for 31 fonts, out of 3000000 for 9000
 1348 hyphenation exceptions out of 8191
 42i,4n,45p,1124b,390s stack positions out of 5000i,500n,10000p,200000b,50000s

Output written on radar_diploma_thesis.pdf (5 pages).
